app/build/intermediates/manifest_merge_blame_file/debug/manifest-merger-blame-debug-report.txt
1<?xml version="1.0" encoding="utf-8"?>
2<manifest xmlns:android="http://schemas.android.com/apk/res/android"
3    package="com.example.bmi_rechner"
4    android:versionCode="1"
5    android:versionName="1.0" >
6
7    <uses-sdk
8        android:minSdkVersion="24"
9        android:targetSdkVersion="33" />
10
11    <permission
11-->[androidx.core:core:1.9.0] AndroidManifest.xml:22:5-24:47
12        android:name="com.example.bmi_rechner.DYNAMIC_RECEIVER_NOT_EXPORTED_PERMISSION"
12-->[androidx.core:core:1.9.0] AndroidManifest.xml:23:9-81
13        android:protectionLevel="signature" />
13-->[androidx.core:core:1.9.0] AndroidManifest.xml:24:9-44
14
15    <uses-permission android:name="com.example.bmi_rechner.DYNAMIC_RECEIVER_NOT_EXPORTED_PERMISSION" />
15-->[androidx.core:core:1.9.0] AndroidManifest.xml:26:5-97
15-->[androidx.core:core:1.9.0] AndroidManifest.xml:26:22-94
16
17    <application
17-->src\main\AndroidManifest.xml:5:5-53:19
18        android:allowBackup="true"
18-->src\main\AndroidManifest.xml:6:9-35
19        android:appComponentFactory="androidx.core.app.CoreComponentFactory"
19-->[androidx.core:core:1.9.0] AndroidManifest.xml:28:18-86
20        android:dataExtractionRules="@xml/data_extraction_rules"
20-->src\main\AndroidManifest.xml:7:9-65
21        android:debuggable="true"
22        android:extractNativeLibs="false"
23        android:fullBackupContent="@xml/backup_rules"
23-->src\main\AndroidManifest.xml:8:9-54
24        android:icon="@mipmap/ic_launcher"
24-->src\main\AndroidManifest.xml:9:9-43
25        android:label="@string/app_name"
25-->src\main\AndroidManifest.xml:10:9-41
26        android:roundIcon="@mipmap/ic_launcher_round"
26-->src\main\AndroidManifest.xml:11:9-54
27        android:supportsRtl="true"
27-->src\main\AndroidManifest.xml:12:9-35
28        android:theme="@style/Theme.BMI_Rechner" >
28-->src\main\AndroidManifest.xml:13:9-49
29        <activity
29-->src\main\AndroidManifest.xml:15:9-18:50
30            android:name="com.example.bmi_rechner.DetailActivity"
30-->src\main\AndroidManifest.xml:16:13-43
31            android:exported="false"
31-->src\main\AndroidManifest.xml:17:13-37
32            android:theme="@style/statusbalken" />
32-->src\main\AndroidManifest.xml:18:13-48
33        <activity
33-->src\main\AndroidManifest.xml:19:9-22:51
34            android:name="com.example.bmi_rechner.NebenActivity"
34-->src\main\AndroidManifest.xml:20:13-42
35            android:exported="false"
35-->src\main\AndroidManifest.xml:21:13-37
36            android:theme="@style/statusbalken" />
36-->src\main\AndroidManifest.xml:22:13-48
37        <activity
37-->src\main\AndroidManifest.xml:23:9-26:51
38            android:name="com.example.bmi_rechner.DiagrammActivity"
38-->src\main\AndroidManifest.xml:24:13-45
39            android:exported="false"
39-->src\main\AndroidManifest.xml:25:13-37
40            android:theme="@style/statusbalken" />
40-->src\main\AndroidManifest.xml:26:13-48
41        <activity
41-->src\main\AndroidManifest.xml:27:9-30:51
42            android:name="com.example.bmi_rechner.EingabeActivity"
42-->src\main\AndroidManifest.xml:28:13-44
43            android:exported="false"
43-->src\main\AndroidManifest.xml:29:13-37
44            android:theme="@style/statusbalken" />
44-->src\main\AndroidManifest.xml:30:13-48
45        <activity
45-->src\main\AndroidManifest.xml:31:9-34:51
46            android:name="com.example.bmi_rechner.DatenbankActivity"
46-->src\main\AndroidManifest.xml:32:13-46
47            android:exported="false"
47-->src\main\AndroidManifest.xml:33:13-37
48            android:theme="@style/statusbalken" />
48-->src\main\AndroidManifest.xml:34:13-48
49        <activity
49-->src\main\AndroidManifest.xml:35:9-38:51
50            android:name="com.example.bmi_rechner.AnleitungActivity"
50-->src\main\AndroidManifest.xml:36:13-46
51            android:exported="false"
51-->src\main\AndroidManifest.xml:37:13-37
52            android:theme="@style/statusbalken" />
52-->src\main\AndroidManifest.xml:38:13-48
53        <activity
53-->src\main\AndroidManifest.xml:39:9-42:51
54            android:name="com.example.bmi_rechner.AusgabeActivity"
54-->src\main\AndroidManifest.xml:40:13-44
55            android:exported="false"
55-->src\main\AndroidManifest.xml:41:13-37
56            android:theme="@style/statusbalken" />
56-->src\main\AndroidManifest.xml:42:13-48
57        <activity
57-->src\main\AndroidManifest.xml:43:9-52:20
58            android:name="com.example.bmi_rechner.SplashActivity"
58-->src\main\AndroidManifest.xml:44:13-43
59            android:exported="true"
59-->src\main\AndroidManifest.xml:45:13-36
60            android:theme="@style/statusbalken" >
60-->src\main\AndroidManifest.xml:46:13-48
61            <intent-filter>
61-->src\main\AndroidManifest.xml:47:13-51:29
62                <action android:name="android.intent.action.MAIN" />
62-->src\main\AndroidManifest.xml:48:17-69
62-->src\main\AndroidManifest.xml:48:25-66
63
64                <category android:name="android.intent.category.LAUNCHER" />
64-->src\main\AndroidManifest.xml:50:17-77
64-->src\main\AndroidManifest.xml:50:27-74
65            </intent-filter>
66        </activity>
67
68        <provider
68-->[androidx.emoji2:emoji2:1.2.0] AndroidManifest.xml:24:9-32:20
69            android:name="androidx.startup.InitializationProvider"
69-->[androidx.emoji2:emoji2:1.2.0] AndroidManifest.xml:25:13-67
70            android:authorities="com.example.bmi_rechner.androidx-startup"
70-->[androidx.emoji2:emoji2:1.2.0] AndroidManifest.xml:26:13-68
71            android:exported="false" >
71-->[androidx.emoji2:emoji2:1.2.0] AndroidManifest.xml:27:13-37
72            <meta-data
72-->[androidx.emoji2:emoji2:1.2.0] AndroidManifest.xml:29:13-31:52
73                android:name="androidx.emoji2.text.EmojiCompatInitializer"
73-->[androidx.emoji2:emoji2:1.2.0] AndroidManifest.xml:30:17-75
74                android:value="androidx.startup" />
74-->[androidx.emoji2:emoji2:1.2.0] AndroidManifest.xml:31:17-49
75            <meta-data
75-->[androidx.lifecycle:lifecycle-process:2.4.1] AndroidManifest.xml:31:13-33:52
76                android:name="androidx.lifecycle.ProcessLifecycleInitializer"
76-->[androidx.lifecycle:lifecycle-process:2.4.1] AndroidManifest.xml:32:17-78
77                android:value="androidx.startup" />
77-->[androidx.lifecycle:lifecycle-process:2.4.1] AndroidManifest.xml:33:17-49
78        </provider>
79    </application>
80
81</manifest>